# JRE version: OpenJDK Runtime Environment (8.0_76-b03) (build 1.8.0_76-release-b03)
# Java VM: OpenJDK 64-Bit Server VM (25.76-b03 mixed mode windows-amd64 compressed oops)
Heap:
 PSYoungGen      total 131072K, used 116225K [0x00000000e0000000, 0x00000000e9880000, 0x0000000100000000)
  eden space 129536K, 89% used [0x00000000e0000000,0x00000000e7180748,0x00000000e7e80000)
  from space 1536K, 0% used [0x00000000e8380000,0x00000000e8380000,0x00000000e8500000)
  to   space 11776K, 0% used [0x00000000e8d00000,0x00000000e8d00000,0x00000000e9880000)
 ParOldGen       total 125952K, used 68466K [0x00000000a0000000, 0x00000000a7b00000, 0x00000000e0000000)
  object space 125952K, 54% used [0x00000000a0000000,0x00000000a42dc860,0x00000000a7b00000)
 Metaspace       used 62862K, capacity 64615K, committed 64816K, reserved 1105920K
  class space    used 8025K, capacity 8380K, committed 8496K, reserved 1048576K
GC Heap History (10 events):
Event: 190.147 GC heap before
{Heap before GC invocations=21 (full 3):
 PSYoungGen      total 150016K, used 139511K [0x00000000e0000000, 0x00000000ea000000, 0x0000000100000000)
  eden space 140288K, 99% used [0x00000000e0000000,0x00000000e883dd50,0x00000000e8900000)
  from space 9728K, 0% used [0x00000000e8e80000,0x00000000e8e80000,0x00000000e9800000)
  to   space 8192K, 0% used [0x00000000e9800000,0x00000000e9800000,0x00000000ea000000)
 ParOldGen       total 74752K, used 36298K [0x00000000a0000000, 0x00000000a4900000, 0x00000000e0000000)
  object space 74752K, 48% used [0x00000000a0000000,0x00000000a2372b48,0x00000000a4900000)
 Metaspace       used 58448K, capacity 59991K, committed 60184K, reserved 1101824K
  class space    used 7657K, capacity 8028K, committed 8112K, reserved 1048576K
Event: 190.153 GC heap after
Heap after GC invocations=21 (full 3):
 PSYoungGen      total 137216K, used 1197K [0x00000000e0000000, 0x00000000e9a80000, 0x0000000100000000)
  eden space 134656K, 0% used [0x00000000e0000000,0x00000000e0000000,0x00000000e8380000)
  from space 2560K, 46% used [0x00000000e9800000,0x00000000e992b510,0x00000000e9a80000)
  to   space 11776K, 0% used [0x00000000e8380000,0x00000000e8380000,0x00000000e8f00000)
 ParOldGen       total 74752K, used 36306K [0x00000000a0000000, 0x00000000a4900000, 0x00000000e0000000)
  object space 74752K, 48% used [0x00000000a0000000,0x00000000a2374b48,0x00000000a4900000)
 Metaspace       used 58448K, capacity 59991K, committed 60184K, reserved 1101824K
  class space    used 7657K, capacity 8028K, committed 8112K, reserved 1048576K
}
Event: 191.671 GC heap before
{Heap before GC invocations=22 (full 3):
 PSYoungGen      total 137216K, used 135853K [0x00000000e0000000, 0x00000000e9a80000, 0x0000000100000000)
  eden space 134656K, 100% used [0x00000000e0000000,0x00000000e8380000,0x00000000e8380000)
  from space 2560K, 46% used [0x00000000e9800000,0x00000000e992b510,0x00000000e9a80000)
  to   space 11776K, 0% used [0x00000000e8380000,0x00000000e8380000,0x00000000e8f00000)
 ParOldGen       total 74752K, used 36306K [0x00000000a0000000, 0x00000000a4900000, 0x00000000e0000000)
  object space 74752K, 48% used [0x00000000a0000000,0x00000000a2374b48,0x00000000a4900000)
 Metaspace       used 59265K, capacity 60979K, committed 61208K, reserved 1101824K
  class space    used 7742K, capacity 8110K, committed 8112K, reserved 1048576K
Event: 191.675 GC heap after
Heap after GC invocations=22 (full 3):
 PSYoungGen      total 131072K, used 1495K [0x00000000e0000000, 0x00000000e9880000, 0x0000000100000000)
  eden space 129536K, 0% used [0x00000000e0000000,0x00000000e0000000,0x00000000e7e80000)
  from space 1536K, 97% used [0x00000000e8380000,0x00000000e84f5e90,0x00000000e8500000)
  to   space 11776K, 0% used [0x00000000e8d00000,0x00000000e8d00000,0x00000000e9880000)
 ParOldGen       total 74752K, used 36314K [0x00000000a0000000, 0x00000000a4900000, 0x00000000e0000000)
  object space 74752K, 48% used [0x00000000a0000000,0x00000000a2376b48,0x00000000a4900000)
 Metaspace       used 59265K, capacity 60979K, committed 61208K, reserved 1101824K
  class space    used 7742K, capacity 8110K, committed 8112K, reserved 1048576K
}
Event: 195.529 GC heap before
{Heap before GC invocations=23 (full 3):
 PSYoungGen      total 131072K, used 131031K [0x00000000e0000000, 0x00000000e9880000, 0x0000000100000000)
  eden space 129536K, 100% used [0x00000000e0000000,0x00000000e7e80000,0x00000000e7e80000)
  from space 1536K, 97% used [0x00000000e8380000,0x00000000e84f5e90,0x00000000e8500000)
  to   space 11776K, 0% used [0x00000000e8d00000,0x00000000e8d00000,0x00000000e9880000)
 ParOldGen       total 74752K, used 36314K [0x00000000a0000000, 0x00000000a4900000, 0x00000000e0000000)
  object space 74752K, 48% used [0x00000000a0000000,0x00000000a2376b48,0x00000000a4900000)
 Metaspace       used 62445K, capacity 64205K, committed 64560K, reserved 1105920K
  class space    used 8026K, capacity 8389K, committed 8496K, reserved 1048576K
Event: 195.585 GC heap after
Heap after GC invocations=23 (full 3):
 PSYoungGen      total 141312K, used 11766K [0x00000000e0000000, 0x00000000e9880000, 0x0000000100000000)
  eden space 129536K, 0% used [0x00000000e0000000,0x00000000e0000000,0x00000000e7e80000)
  from space 11776K, 99% used [0x00000000e8d00000,0x00000000e987db70,0x00000000e9880000)
  to   space 1536K, 0% used [0x00000000e8380000,0x00000000e8380000,0x00000000e8500000)
 ParOldGen       total 74752K, used 44254K [0x00000000a0000000, 0x00000000a4900000, 0x00000000e0000000)
  object space 74752K, 59% used [0x00000000a0000000,0x00000000a2b378d0,0x00000000a4900000)
 Metaspace       used 62445K, capacity 64205K, committed 64560K, reserved 1105920K
  class space    used 8026K, capacity 8389K, committed 8496K, reserved 1048576K
}
Event: 196.794 GC heap before
{Heap before GC invocations=24 (full 3):
 PSYoungGen      total 141312K, used 141302K [0x00000000e0000000, 0x00000000e9880000, 0x0000000100000000)
  eden space 129536K, 100% used [0x00000000e0000000,0x00000000e7e80000,0x00000000e7e80000)
  from space 11776K, 99% used [0x00000000e8d00000,0x00000000e987db70,0x00000000e9880000)
  to   space 1536K, 0% used [0x00000000e8380000,0x00000000e8380000,0x00000000e8500000)
 ParOldGen       total 74752K, used 44254K [0x00000000a0000000, 0x00000000a4900000, 0x00000000e0000000)
  object space 74752K, 59% used [0x00000000a0000000,0x00000000a2b378d0,0x00000000a4900000)
 Metaspace       used 62559K, capacity 64333K, committed 64560K, reserved 1105920K
  class space    used 8026K, capacity 8389K, committed 8496K, reserved 1048576K
Event: 196.901 GC heap after
Heap after GC invocations=24 (full 3):
 PSYoungGen      total 131072K, used 1522K [0x00000000e0000000, 0x00000000e9880000, 0x0000000100000000)
  eden space 129536K, 0% used [0x00000000e0000000,0x00000000e0000000,0x00000000e7e80000)
  from space 1536K, 99% used [0x00000000e8380000,0x00000000e84fc888,0x00000000e8500000)
  to   space 11776K, 0% used [0x00000000e8d00000,0x00000000e8d00000,0x00000000e9880000)
 ParOldGen       total 74752K, used 70269K [0x00000000a0000000, 0x00000000a4900000, 0x00000000e0000000)
  object space 74752K, 94% used [0x00000000a0000000,0x00000000a449f440,0x00000000a4900000)
 Metaspace       used 62559K, capacity 64333K, committed 64560K, reserved 1105920K
  class space    used 8026K, capacity 8389K, committed 8496K, reserved 1048576K
}
Event: 196.901 GC heap before
{Heap before GC invocations=25 (full 4):
 PSYoungGen      total 131072K, used 1522K [0x00000000e0000000, 0x00000000e9880000, 0x0000000100000000)
  eden space 129536K, 0% used [0x00000000e0000000,0x00000000e0000000,0x00000000e7e80000)
  from space 1536K, 99% used [0x00000000e8380000,0x00000000e84fc888,0x00000000e8500000)
  to   space 11776K, 0% used [0x00000000e8d00000,0x00000000e8d00000,0x00000000e9880000)
 ParOldGen       total 74752K, used 70269K [0x00000000a0000000, 0x00000000a4900000, 0x00000000e0000000)
  object space 74752K, 94% used [0x00000000a0000000,0x00000000a449f440,0x00000000a4900000)
 Metaspace       used 62559K, capacity 64333K, committed 64560K, reserved 1105920K
  class space    used 8026K, capacity 8389K, committed 8496K, reserved 1048576K
Event: 197.502 GC heap after
Heap after GC invocations=25 (full 4):
 PSYoungGen      total 131072K, used 0K [0x00000000e0000000, 0x00000000e9880000, 0x0000000100000000)
  eden space 129536K, 0% used [0x00000000e0000000,0x00000000e0000000,0x00000000e7e80000)
  from space 1536K, 0% used [0x00000000e8380000,0x00000000e8380000,0x00000000e8500000)
  to   space 11776K, 0% used [0x00000000e8d00000,0x00000000e8d00000,0x00000000e9880000)
 ParOldGen       total 125952K, used 68466K [0x00000000a0000000, 0x00000000a7b00000, 0x00000000e0000000)
  object space 125952K, 54% used [0x00000000a0000000,0x00000000a42dc860,0x00000000a7b00000)
 Metaspace       used 62545K, capacity 64295K, committed 64560K, reserved 1105920K
  class space    used 8021K, capacity 8380K, committed 8496K, reserved 1048576K
}

